{
  "appId": "6b7f280c-cf44-4fda-9985-215c272b3ad9",
  "applicationId": "WT-Backend-Insights",
  "applicationType": "web",
  "connectionString": "InstrumentationKey=e772a6e3-86c9-48f6-a220-e4fff3d32f25;IngestionEndpoint=https://australiaeast-1.in.applicationinsights.azure.com/;LiveEndpoint=https://australiaeast.livediagnostics.monitor.azure.com/;ApplicationId=6b7f280c-cf44-4fda-9985-215c272b3ad9",
  "creationDate": "2025-08-08T11:07:20.650387+00:00",
  "disableIpMasking": null,
  "etag": "\"b6004d48-0000-0200-0000-6895dcdf0000\"",
  "flowType": "Bluefield",
  "hockeyAppId": null,
  "hockeyAppToken": null,
  "id": "/subscriptions/6a59d7ff-a5d9-415e-a8e8-7248265c482c/resourceGroups/of-8-6-cloud-rg/providers/microsoft.insights/components/WT-Backend-Insights",
  "immediatePurgeDataOn30Days": null,
  "ingestionMode": "LogAnalytics",
  "instrumentationKey": "e772a6e3-86c9-48f6-a220-e4fff3d32f25",
  "kind": "web",
  "location": "australiaeast",
  "name": "WT-Backend-Insights",
  "privateLinkScopedResources": null,
  "provisioningState": "Succeeded",
  "publicNetworkAccessForIngestion": "Enabled",
  "publicNetworkAccessForQuery": "Enabled",
  "requestSource": "rest",
  "resourceGroup": "of-8-6-cloud-rg",
  "retentionInDays": 90,
  "samplingPercentage": null,
  "tags": {},
  "tenantId": "6a59d7ff-a5d9-415e-a8e8-7248265c482c",
  "type": "microsoft.insights/components"
}
