{
  "appId": "8404bd9a-2eda-40de-a2d5-11015a59d55f",
  "applicationId": "WT-Frontend-Insights",
  "applicationType": "web",
  "connectionString": "InstrumentationKey=919391a9-ea0c-4aac-97da-804672a75c19;IngestionEndpoint=https://australiaeast-1.in.applicationinsights.azure.com/;LiveEndpoint=https://australiaeast.livediagnostics.monitor.azure.com/;ApplicationId=8404bd9a-2eda-40de-a2d5-11015a59d55f",
  "creationDate": "2025-08-08T11:07:48.015257+00:00",
  "disableIpMasking": null,
  "etag": "\"b6009c4c-0000-0200-0000-6895dcf60000\"",
  "flowType": "Bluefield",
  "hockeyAppId": null,
  "hockeyAppToken": null,
  "id": "/subscriptions/6a59d7ff-a5d9-415e-a8e8-7248265c482c/resourceGroups/of-8-6-cloud-rg/providers/microsoft.insights/components/WT-Frontend-Insights",
  "immediatePurgeDataOn30Days": null,
  "ingestionMode": "LogAnalytics",
  "instrumentationKey": "919391a9-ea0c-4aac-97da-804672a75c19",
  "kind": "web",
  "location": "australiaeast",
  "name": "WT-Frontend-Insights",
  "privateLinkScopedResources": null,
  "provisioningState": "Succeeded",
  "publicNetworkAccessForIngestion": "Enabled",
  "publicNetworkAccessForQuery": "Enabled",
  "requestSource": "rest",
  "resourceGroup": "of-8-6-cloud-rg",
  "retentionInDays": 90,
  "samplingPercentage": null,
  "tags": {},
  "tenantId": "6a59d7ff-a5d9-415e-a8e8-7248265c482c",
  "type": "microsoft.insights/components"
}
