Unknown Phases Audit Report
Generated: 2025-08-05T02:22:00Z
Audit Scope: All phases with "Unknown Phase" in phasename field
Total Phases Audited: 48
Unknown Phases Found: 30

==========================================
UNKNOWN PHASES CLASSIFICATION & RECOMMENDATIONS
==========================================

CATEGORY 1: COMPLETED DESIGN & DEVELOPMENT (Archive)
---------------------------------------------------------
Phase ID: Orb-1.1, Orb-1.2, Orb-1.3, Orb-1.4
Project: Design Principles 
Status: Done / In Progress
Content: Orbis brand concept evolutions and design system elements
Recommendation: ARCHIVE - Convert to "Orbis Brand Development" phases
Action: Rename with proper phase names and mark as historical record

Phase ID: WT-3.0, WT-3.1, WT-3.2, WT-3.3  
Project: WP-UX9, WP-UX10, WP-UX11, WP-UX12
Status: Complete / Done / Planned
Content: WT infrastructure, testing, CI/CD pipeline development
Recommendation: CLASSIFY - Convert to proper WT infrastructure phase names
Action: Rename based on content: "Architecture Reconciliation", "Testing Infrastructure", "CI/CD Pipeline", "MetaValidator System"

CATEGORY 2: POST-MORTEM & RECOVERY (Archive)
---------------------------------------------
Phase ID: PM-1.1, PM 2.1
Project: Post-mortem - sidebar rendering failure
Status: Complete
Content: Sidebar recovery and Git integrity issues resolution
Recommendation: ARCHIVE - Keep as historical post-mortem records
Action: Rename to "Sidebar Recovery Post-Mortem" and "Git Integrity Post-Mortem"

CATEGORY 3: ACTIVE STRATEGIC WORK (Rename)
-------------------------------------------
Phase ID: WT-2.0, WT-2.3, WT-2.4
Project: WT Project Overview
Status: Complete / In Progress  
Content: WT self-management and operational loop development
Recommendation: RENAME - Give proper strategic phase names
Action: "WT Self-Management Initiative", "MetaProject Activation", "Operational Loop"

Phase ID: WP-1.2, WP-1.4, WP-1.6
Project: WP-UX2, WP-UX4, WP-UX6
Status: Active
Content: Data taxonomy, message types, unstructured data management
Recommendation: RENAME - Classify as data management phases
Action: "Data Taxonomy Implementation", "Message Type Framework", "Unstructured Data Processing"

CATEGORY 4: DOCUMENTATION & MODULE DEVELOPMENT (Rename)
--------------------------------------------------------
Phase ID: DM-1.0, DM-1.1
Project: Docs Module
Status: Planned
Content: Documentation module feature enhancements  
Recommendation: RENAME - Give proper module development names
Action: "Docs Module Foundation", "Docs Module Feature Enhancement"

Phase ID: WT-5.5
Project: Wombat Track – Gizmo
Status: Complete
Content: Console interaction logging with metadata
Recommendation: RENAME - "Console Interaction & Metadata Logging"

==========================================
SUMMARY & RECOMMENDATIONS
==========================================

IMMEDIATE ACTIONS REQUIRED:
1. RENAME 30 "Unknown Phase" entries with descriptive names based on content
2. ARCHIVE completed design and post-mortem phases to historical records
3. RECLASSIFY active phases under proper project categories
4. UPDATE project references to use consistent naming convention
5. VALIDATE that all renamed phases maintain governance log linkages

BATCH OPERATIONS RECOMMENDED:
- Design Phases: Rename Orb-1.x series to "Orbis Brand Development Phase X"
- WT Infrastructure: Rename WT-3.x series to descriptive infrastructure names
- Strategic Planning: Rename WT-2.x series to strategic initiative names
- Data Management: Rename WP-1.x series to data processing phase names

GOVERNANCE IMPACT:
- All phases contain valuable historical context in notes field
- Governance log entries are properly linked via governance log IDs
- Memory anchors should be created for renamed phases
- Audit trail must be maintained during renaming process

PRIORITY CLASSIFICATION:
HIGH: Active and In Progress phases (8 phases)
MEDIUM: Completed strategic phases (12 phases)  
LOW: Historical and archive phases (10 phases)

ESTIMATED EFFORT:
- Batch rename operations: 2-3 hours
- Governance log validation: 1 hour
- Memory anchor generation: 1 hour
- Quality assurance review: 1 hour

NEXT STEPS:
1. Approve phase renaming strategy
2. Execute batch rename operations via API
3. Generate memory anchors for renamed phases
4. Validate governance log integrity
5. Update project documentation with new phase names

==========================================
AUDIT COMPLETION
Audit Status: COMPLETE
Recommendations: 30 phases require renaming
Critical Issues: None - all phases contain valid content
Data Integrity: Maintained - no data loss risk identified
Memory Anchor: unknown-phases-audit-20250805